<?xml version="1.0" encoding="UTF-8"?>
<coverage generated="1682300944777" clover="3.2.0">
  <project timestamp="1682300944778" name="All files">
    <metrics statements="42" coveredstatements="38" conditionals="5" coveredconditionals="5" methods="6" coveredmethods="4" elements="53" coveredelements="47" complexity="0" loc="42" ncloc="42" packages="2" files="2" classes="2"/>
    <package name="api">
      <metrics statements="23" coveredstatements="23" conditionals="3" coveredconditionals="3" methods="2" coveredmethods="2"/>
      <file name="userApi.js" path="/Users/jie/Desktop/demo/api/userApi.js">
        <metrics statements="23" coveredstatements="23" conditionals="3" coveredconditionals="3" methods="2" coveredmethods="2"/>
        <line num="1" count="1" type="stmt"/>
        <line num="2" count="1" type="stmt"/>
        <line num="3" count="1" type="stmt"/>
        <line num="4" count="1" type="stmt"/>
        <line num="5" count="1" type="stmt"/>
        <line num="6" count="1" type="stmt"/>
        <line num="7" count="1" type="stmt"/>
        <line num="8" count="1" type="stmt"/>
        <line num="9" count="1" type="stmt"/>
        <line num="10" count="1" type="stmt"/>
        <line num="11" count="1" type="cond" truecount="1" falsecount="0"/>
        <line num="12" count="1" type="cond" truecount="1" falsecount="0"/>
        <line num="13" count="1" type="stmt"/>
        <line num="14" count="1" type="stmt"/>
        <line num="15" count="1" type="cond" truecount="1" falsecount="0"/>
        <line num="16" count="1" type="stmt"/>
        <line num="17" count="1" type="stmt"/>
        <line num="18" count="1" type="stmt"/>
        <line num="19" count="1" type="stmt"/>
        <line num="20" count="1" type="stmt"/>
        <line num="21" count="1" type="stmt"/>
        <line num="22" count="1" type="stmt"/>
        <line num="23" count="1" type="stmt"/>
      </file>
    </package>
    <package name="utils">
      <metrics statements="19" coveredstatements="15" conditionals="2" coveredconditionals="2" methods="4" coveredmethods="2"/>
      <file name="tools.js" path="/Users/jie/Desktop/demo/utils/tools.js">
        <metrics statements="19" coveredstatements="15" conditionals="2" coveredconditionals="2" methods="4" coveredmethods="2"/>
        <line num="1" count="1" type="stmt"/>
        <line num="2" count="1" type="stmt"/>
        <line num="3" count="1" type="stmt"/>
        <line num="4" count="1" type="stmt"/>
        <line num="5" count="1" type="stmt"/>
        <line num="6" count="0" type="stmt"/>
        <line num="7" count="0" type="stmt"/>
        <line num="8" count="1" type="stmt"/>
        <line num="9" count="1" type="stmt"/>
        <line num="10" count="0" type="stmt"/>
        <line num="11" count="0" type="stmt"/>
        <line num="12" count="1" type="stmt"/>
        <line num="13" count="1" type="cond" truecount="1" falsecount="0"/>
        <line num="14" count="1" type="stmt"/>
        <line num="15" count="1" type="stmt"/>
        <line num="16" count="1" type="stmt"/>
        <line num="17" count="1" type="cond" truecount="1" falsecount="0"/>
        <line num="18" count="1" type="stmt"/>
        <line num="19" count="1" type="stmt"/>
      </file>
    </package>
  </project>
</coverage>
