{"/Users/jie/Desktop/demo/api/userApi.js": {"path":"/Users/jie/Desktop/demo/api/userApi.js","all":false,"statementMap":{"0":{"start":{"line":1,"column":0},"end":{"line":1,"column":3}},"1":{"start":{"line":2,"column":0},"end":{"line":2,"column":9}},"2":{"start":{"line":3,"column":0},"end":{"line":3,"column":3}},"3":{"start":{"line":4,"column":0},"end":{"line":4,"column":0}},"4":{"start":{"line":5,"column":0},"end":{"line":5,"column":31}},"5":{"start":{"line":6,"column":0},"end":{"line":6,"column":0}},"6":{"start":{"line":7,"column":0},"end":{"line":7,"column":12}},"7":{"start":{"line":8,"column":0},"end":{"line":8,"column":5}},"8":{"start":{"line":9,"column":0},"end":{"line":9,"column":12}},"9":{"start":{"line":10,"column":0},"end":{"line":10,"column":5}},"10":{"start":{"line":11,"column":0},"end":{"line":11,"column":16}},"11":{"start":{"line":12,"column":0},"end":{"line":12,"column":62}},"12":{"start":{"line":13,"column":0},"end":{"line":13,"column":3}},"13":{"start":{"line":14,"column":0},"end":{"line":14,"column":0}},"14":{"start":{"line":15,"column":0},"end":{"line":15,"column":19}},"15":{"start":{"line":16,"column":0},"end":{"line":16,"column":24}},"16":{"start":{"line":17,"column":0},"end":{"line":17,"column":53}},"17":{"start":{"line":18,"column":0},"end":{"line":18,"column":26}},"18":{"start":{"line":19,"column":0},"end":{"line":19,"column":24}},"19":{"start":{"line":20,"column":0},"end":{"line":20,"column":3}},"20":{"start":{"line":21,"column":0},"end":{"line":21,"column":1}},"21":{"start":{"line":22,"column":0},"end":{"line":22,"column":0}},"22":{"start":{"line":23,"column":0},"end":{"line":23,"column":22}}},"s":{"0":1,"1":1,"2":1,"3":1,"4":1,"5":1,"6":1,"7":1,"8":1,"9":1,"10":1,"11":1,"12":1,"13":1,"14":1,"15":1,"16":1,"17":1,"18":1,"19":1,"20":1,"21":1,"22":1},"branchMap":{"0":{"type":"branch","line":11,"loc":{"start":{"line":11,"column":9},"end":{"line":13,"column":3}},"locations":[{"start":{"line":11,"column":9},"end":{"line":13,"column":3}}]},"1":{"type":"branch","line":12,"loc":{"start":{"line":12,"column":42},"end":{"line":12,"column":60}},"locations":[{"start":{"line":12,"column":42},"end":{"line":12,"column":60}}]},"2":{"type":"branch","line":15,"loc":{"start":{"line":15,"column":9},"end":{"line":20,"column":3}},"locations":[{"start":{"line":15,"column":9},"end":{"line":20,"column":3}}]}},"b":{"0":[1],"1":[1],"2":[1]},"fnMap":{"0":{"name":"all","decl":{"start":{"line":11,"column":9},"end":{"line":13,"column":3}},"loc":{"start":{"line":11,"column":9},"end":{"line":13,"column":3}},"line":11},"1":{"name":"testArg","decl":{"start":{"line":15,"column":9},"end":{"line":20,"column":3}},"loc":{"start":{"line":15,"column":9},"end":{"line":20,"column":3}},"line":15}},"f":{"0":1,"1":1}}
,"/Users/jie/Desktop/demo/utils/tools.js": {"path":"/Users/jie/Desktop/demo/utils/tools.js","all":false,"statementMap":{"0":{"start":{"line":1,"column":0},"end":{"line":1,"column":3}},"1":{"start":{"line":2,"column":0},"end":{"line":2,"column":6}},"2":{"start":{"line":3,"column":0},"end":{"line":3,"column":3}},"3":{"start":{"line":4,"column":0},"end":{"line":4,"column":0}},"4":{"start":{"line":5,"column":0},"end":{"line":5,"column":31}},"5":{"start":{"line":6,"column":0},"end":{"line":6,"column":15}},"6":{"start":{"line":7,"column":0},"end":{"line":7,"column":2}},"7":{"start":{"line":8,"column":0},"end":{"line":8,"column":0}},"8":{"start":{"line":9,"column":0},"end":{"line":9,"column":31}},"9":{"start":{"line":10,"column":0},"end":{"line":10,"column":15}},"10":{"start":{"line":11,"column":0},"end":{"line":11,"column":2}},"11":{"start":{"line":12,"column":0},"end":{"line":12,"column":0}},"12":{"start":{"line":13,"column":0},"end":{"line":13,"column":31}},"13":{"start":{"line":14,"column":0},"end":{"line":14,"column":15}},"14":{"start":{"line":15,"column":0},"end":{"line":15,"column":2}},"15":{"start":{"line":16,"column":0},"end":{"line":16,"column":0}},"16":{"start":{"line":17,"column":0},"end":{"line":17,"column":31}},"17":{"start":{"line":18,"column":0},"end":{"line":18,"column":15}},"18":{"start":{"line":19,"column":0},"end":{"line":19,"column":2}}},"s":{"0":1,"1":1,"2":1,"3":1,"4":1,"5":0,"6":0,"7":1,"8":1,"9":0,"10":0,"11":1,"12":1,"13":1,"14":1,"15":1,"16":1,"17":1,"18":1},"branchMap":{"0":{"type":"branch","line":13,"loc":{"start":{"line":13,"column":14},"end":{"line":15,"column":2}},"locations":[{"start":{"line":13,"column":14},"end":{"line":15,"column":2}}]},"1":{"type":"branch","line":17,"loc":{"start":{"line":17,"column":14},"end":{"line":19,"column":2}},"locations":[{"start":{"line":17,"column":14},"end":{"line":19,"column":2}}]}},"b":{"0":[1],"1":[1]},"fnMap":{"0":{"name":"Object.<anonymous>.exports.sum","decl":{"start":{"line":5,"column":14},"end":{"line":7,"column":2}},"loc":{"start":{"line":5,"column":14},"end":{"line":7,"column":2}},"line":5},"1":{"name":"Object.<anonymous>.exports.sub","decl":{"start":{"line":9,"column":14},"end":{"line":11,"column":2}},"loc":{"start":{"line":9,"column":14},"end":{"line":11,"column":2}},"line":9},"2":{"name":"Object.<anonymous>.exports.mul","decl":{"start":{"line":13,"column":14},"end":{"line":15,"column":2}},"loc":{"start":{"line":13,"column":14},"end":{"line":15,"column":2}},"line":13},"3":{"name":"Object.<anonymous>.exports.div","decl":{"start":{"line":17,"column":14},"end":{"line":19,"column":2}},"loc":{"start":{"line":17,"column":14},"end":{"line":19,"column":2}},"line":17}},"f":{"0":0,"1":0,"2":1,"3":1}}
}
