TN:
SF:api/userApi.js
FN:11,all
FN:15,testArg
FNF:2
FNH:2
FNDA:1,all
FNDA:1,testArg
DA:1,1
DA:2,1
DA:3,1
DA:4,1
DA:5,1
DA:6,1
DA:7,1
DA:8,1
DA:9,1
DA:10,1
DA:11,1
DA:12,1
DA:13,1
DA:14,1
DA:15,1
DA:16,1
DA:17,1
DA:18,1
DA:19,1
DA:20,1
DA:21,1
DA:22,1
DA:23,1
LF:23
LH:23
BRDA:11,0,0,1
BRDA:12,1,0,1
BRDA:15,2,0,1
BRF:3
BRH:3
end_of_record
TN:
SF:utils/tools.js
FN:5,Object.<anonymous>.exports.sum
FN:9,Object.<anonymous>.exports.sub
FN:13,Object.<anonymous>.exports.mul
FN:17,Object.<anonymous>.exports.div
FNF:4
FNH:2
FNDA:0,Object.<anonymous>.exports.sum
FNDA:0,Object.<anonymous>.exports.sub
FNDA:1,Object.<anonymous>.exports.mul
FNDA:1,Object.<anonymous>.exports.div
DA:1,1
DA:2,1
DA:3,1
DA:4,1
DA:5,1
DA:6,0
DA:7,0
DA:8,1
DA:9,1
DA:10,0
DA:11,0
DA:12,1
DA:13,1
DA:14,1
DA:15,1
DA:16,1
DA:17,1
DA:18,1
DA:19,1
LF:19
LH:15
BRDA:13,0,0,1
BRDA:17,1,0,1
BRF:2
BRH:2
end_of_record
