TN:
SF:ts/productReview.ts
FN:9,ProductReview
FN:14,get name
FN:18,get review
FN:22,showInfo
FNF:4
FNH:1
FNDA:1,ProductReview
FNDA:0,get name
FNDA:0,get review
FNDA:0,showInfo
DA:1,1
DA:2,1
DA:3,1
DA:4,1
DA:5,1
DA:6,1
DA:7,1
DA:8,1
DA:9,1
DA:10,1
DA:11,1
DA:12,1
DA:13,1
DA:14,1
DA:15,0
DA:16,0
DA:17,1
DA:18,1
DA:19,0
DA:20,0
DA:21,1
DA:22,1
DA:23,0
DA:24,0
DA:25,1
LF:25
LH:19
BRDA:9,0,0,1
BRF:1
BRH:1
end_of_record
TN:
SF:ts/reviewCollector.ts
FN:11,ReviewCollector
FN:21,addReview
FN:41,getNumGoodReview
FNF:3
FNH:3
FNDA:2,ReviewCollector
FNDA:4,addReview
FNDA:3,getNumGoodReview
DA:1,1
DA:2,1
DA:3,1
DA:4,1
DA:5,1
DA:6,1
DA:7,1
DA:8,1
DA:9,1
DA:10,1
DA:11,1
DA:12,2
DA:13,2
DA:14,2
DA:15,1
DA:16,1
DA:17,1
DA:18,1
DA:19,1
DA:20,1
DA:21,1
DA:22,4
DA:23,4
DA:24,4
DA:25,4
DA:26,2
DA:27,1
DA:28,1
DA:29,1
DA:30,2
DA:31,4
DA:32,3
DA:33,3
DA:34,4
DA:35,1
DA:36,1
DA:37,1
DA:38,1
DA:39,1
DA:40,1
DA:41,1
DA:42,3
DA:43,3
DA:44,3
DA:45,7
DA:46,4
DA:47,4
DA:48,4
DA:49,4
DA:50,3
DA:51,3
DA:52,4
DA:53,7
DA:54,3
DA:55,3
DA:56,3
DA:57,1
LF:57
LH:57
BRDA:11,0,0,2
BRDA:21,1,0,4
BRDA:25,2,0,2
BRDA:26,3,0,1
BRDA:31,4,0,3
BRDA:41,5,0,3
BRDA:44,6,0,7
BRDA:45,7,0,4
BRDA:49,8,0,3
BRF:9
BRH:9
end_of_record
