TN:
SF:src/ts/modules/Bird.ts
FN:17,Bird
FN:21,show
FN:34,setTop
FN:44,jump
FNF:4
FNH:4
FNDA:5,Bird
FNDA:4,show
FNDA:4,setTop
FNDA:1,jump
DA:1,1
DA:2,1
DA:3,1
DA:4,1
DA:5,1
DA:6,1
DA:7,1
DA:8,1
DA:9,1
DA:10,1
DA:11,1
DA:12,1
DA:13,1
DA:14,1
DA:15,1
DA:16,1
DA:17,1
DA:18,5
DA:19,5
DA:20,1
DA:21,1
DA:22,4
DA:23,4
DA:24,4
DA:25,4
DA:26,2
DA:27,2
DA:28,1
DA:29,1
DA:30,1
DA:31,1
DA:32,4
DA:33,1
DA:34,1
DA:35,4
DA:36,1
DA:37,4
DA:38,1
DA:39,1
DA:40,4
DA:41,4
DA:42,1
DA:43,1
DA:44,1
DA:45,1
DA:46,1
DA:47,1
DA:48,1
DA:49,1
DA:50,1
DA:51,1
DA:52,1
DA:53,1
DA:54,1
DA:55,1
DA:56,1
DA:57,1
DA:58,1
DA:59,1
DA:60,1
DA:61,1
DA:62,1
LF:62
LH:62
BRDA:17,0,0,5
BRDA:48,1,0,1
BRDA:55,2,0,1
BRDA:21,3,0,4
BRDA:25,4,0,2
BRDA:27,5,0,1
BRDA:34,6,0,4
BRDA:35,7,0,1
BRDA:37,8,0,3
BRDA:37,9,0,1
BRDA:44,10,0,1
BRF:11
BRH:11
end_of_record
TN:
SF:src/ts/modules/Sky.ts
FN:7,Sky
FN:8,show
FNF:2
FNH:2
FNDA:4,Sky
FNDA:811,show
DA:1,1
DA:2,1
DA:3,1
DA:4,1
DA:5,1
DA:6,1
DA:7,1
DA:8,1
DA:9,811
DA:10,811
DA:11,811
DA:12,1
DA:13,810
DA:14,810
DA:15,810
DA:16,1
DA:17,1
DA:18,810
DA:19,1
DA:20,1
LF:20
LH:20
BRDA:7,0,0,4
BRDA:12,1,0,810
BRDA:15,2,0,1
BRDA:8,3,0,811
BRF:4
BRH:4
end_of_record
TN:
SF:src/ts/modules/util.ts
FN:11,getTimer
FN:18,start
FN:26,stop
FNF:3
FNH:3
FNDA:16,getTimer
FNDA:7,start
FNDA:7,stop
DA:1,1
DA:2,1
DA:3,1
DA:4,1
DA:5,1
DA:6,1
DA:7,1
DA:8,1
DA:9,1
DA:10,1
DA:11,16
DA:12,16
DA:13,16
DA:14,16
DA:15,16
DA:16,16
DA:17,16
DA:18,16
DA:19,7
DA:20,7
DA:21,7
DA:22,823
DA:23,7
DA:24,7
DA:25,16
DA:26,16
DA:27,7
DA:28,7
DA:29,7
DA:30,7
DA:31,16
DA:32,16
DA:33,16
LF:33
LH:33
BRDA:11,0,0,16
BRDA:18,1,0,7
BRDA:21,2,0,823
BRDA:26,3,0,7
BRF:4
BRH:4
end_of_record
