{"/Users/jie/Desktop/测试框架/03. Jest进阶知识/3-1. 整合TypeScript/课堂代码/demo/src/utils/tools.ts": {"path":"/Users/jie/Desktop/测试框架/03. Jest进阶知识/3-1. 整合TypeScript/课堂代码/demo/src/utils/tools.ts","all":false,"statementMap":{"0":{"start":{"line":1,"column":0},"end":{"line":1,"column":3}},"1":{"start":{"line":2,"column":0},"end":{"line":2,"column":16}},"2":{"start":{"line":3,"column":0},"end":{"line":3,"column":13}},"3":{"start":{"line":4,"column":0},"end":{"line":4,"column":3}},"4":{"start":{"line":5,"column":0},"end":{"line":5,"column":54}},"5":{"start":{"line":6,"column":0},"end":{"line":6,"column":44}},"6":{"start":{"line":7,"column":0},"end":{"line":7,"column":46}},"7":{"start":{"line":8,"column":0},"end":{"line":8,"column":30}},"8":{"start":{"line":9,"column":0},"end":{"line":9,"column":18}},"9":{"start":{"line":10,"column":0},"end":{"line":10,"column":20}},"10":{"start":{"line":11,"column":0},"end":{"line":11,"column":7}},"11":{"start":{"line":12,"column":0},"end":{"line":12,"column":5}},"12":{"start":{"line":13,"column":0},"end":{"line":13,"column":3}},"13":{"start":{"line":14,"column":0},"end":{"line":14,"column":15}},"14":{"start":{"line":15,"column":0},"end":{"line":15,"column":1}},"15":{"start":{"line":16,"column":0},"end":{"line":16,"column":0}},"16":{"start":{"line":17,"column":0},"end":{"line":17,"column":3}},"17":{"start":{"line":18,"column":0},"end":{"line":18,"column":15}},"18":{"start":{"line":19,"column":0},"end":{"line":19,"column":3}},"19":{"start":{"line":20,"column":0},"end":{"line":20,"column":32}},"20":{"start":{"line":21,"column":0},"end":{"line":21,"column":41}},"21":{"start":{"line":22,"column":0},"end":{"line":22,"column":50}},"22":{"start":{"line":23,"column":0},"end":{"line":23,"column":16}},"23":{"start":{"line":24,"column":0},"end":{"line":24,"column":22}},"24":{"start":{"line":25,"column":0},"end":{"line":25,"column":33}},"25":{"start":{"line":26,"column":0},"end":{"line":26,"column":43}},"26":{"start":{"line":27,"column":0},"end":{"line":27,"column":23}},"27":{"start":{"line":28,"column":0},"end":{"line":28,"column":5}},"28":{"start":{"line":29,"column":0},"end":{"line":29,"column":39}},"29":{"start":{"line":30,"column":0},"end":{"line":30,"column":27}},"30":{"start":{"line":31,"column":0},"end":{"line":31,"column":28}},"31":{"start":{"line":32,"column":0},"end":{"line":32,"column":22}},"32":{"start":{"line":33,"column":0},"end":{"line":33,"column":20}},"33":{"start":{"line":34,"column":0},"end":{"line":34,"column":5}},"34":{"start":{"line":35,"column":0},"end":{"line":35,"column":3}},"35":{"start":{"line":36,"column":0},"end":{"line":36,"column":1}},"36":{"start":{"line":37,"column":0},"end":{"line":37,"column":0}},"37":{"start":{"line":38,"column":0},"end":{"line":38,"column":18}},"38":{"start":{"line":39,"column":0},"end":{"line":39,"column":13}},"39":{"start":{"line":40,"column":0},"end":{"line":40,"column":13}},"40":{"start":{"line":41,"column":0},"end":{"line":41,"column":2}},"41":{"start":{"line":42,"column":0},"end":{"line":42,"column":0}},"42":{"start":{"line":43,"column":0},"end":{"line":43,"column":10}}},"s":{"0":1,"1":1,"2":1,"3":1,"4":5,"5":5,"6":11,"7":20,"8":2,"9":2,"10":2,"11":20,"12":9,"13":3,"14":3,"15":1,"16":1,"17":1,"18":1,"19":1,"20":1,"21":1,"22":1,"23":1,"24":1,"25":4,"26":4,"27":4,"28":1,"29":1,"30":1,"31":1,"32":1,"33":1,"34":1,"35":1,"36":1,"37":1,"38":1,"39":1,"40":1,"41":1,"42":1},"branchMap":{"0":{"type":"branch","line":5,"loc":{"start":{"line":5,"column":0},"end":{"line":15,"column":1}},"locations":[{"start":{"line":5,"column":0},"end":{"line":15,"column":1}}]},"1":{"type":"branch","line":6,"loc":{"start":{"line":6,"column":43},"end":{"line":13,"column":3}},"locations":[{"start":{"line":6,"column":43},"end":{"line":13,"column":3}}]},"2":{"type":"branch","line":7,"loc":{"start":{"line":7,"column":45},"end":{"line":12,"column":5}},"locations":[{"start":{"line":7,"column":45},"end":{"line":12,"column":5}}]},"3":{"type":"branch","line":8,"loc":{"start":{"line":8,"column":29},"end":{"line":11,"column":7}},"locations":[{"start":{"line":8,"column":29},"end":{"line":11,"column":7}}]},"4":{"type":"branch","line":13,"loc":{"start":{"line":13,"column":-1},"end":{"line":13,"column":3}},"locations":[{"start":{"line":13,"column":-1},"end":{"line":13,"column":3}}]},"5":{"type":"branch","line":14,"loc":{"start":{"line":14,"column":-1},"end":{"line":15,"column":1}},"locations":[{"start":{"line":14,"column":-1},"end":{"line":15,"column":1}}]},"6":{"type":"branch","line":20,"loc":{"start":{"line":20,"column":0},"end":{"line":36,"column":1}},"locations":[{"start":{"line":20,"column":0},"end":{"line":36,"column":1}}]},"7":{"type":"branch","line":25,"loc":{"start":{"line":25,"column":32},"end":{"line":28,"column":5}},"locations":[{"start":{"line":25,"column":32},"end":{"line":28,"column":5}}]}},"b":{"0":[5],"1":[11],"2":[20],"3":[2],"4":[9],"5":[3],"6":[1],"7":[4]},"fnMap":{"0":{"name":"isRepeat","decl":{"start":{"line":5,"column":0},"end":{"line":15,"column":1}},"loc":{"start":{"line":5,"column":0},"end":{"line":15,"column":1}},"line":5},"1":{"name":"randomNum","decl":{"start":{"line":20,"column":0},"end":{"line":36,"column":1}},"loc":{"start":{"line":20,"column":0},"end":{"line":36,"column":1}},"line":20}},"f":{"0":5,"1":1}}
}
