TN:
SF:src/utils/tools.ts
FN:5,isRepeat
FN:20,randomNum
FNF:2
FNH:2
FNDA:5,isRepeat
FNDA:1,randomNum
DA:1,1
DA:2,1
DA:3,1
DA:4,1
DA:5,5
DA:6,5
DA:7,11
DA:8,20
DA:9,2
DA:10,2
DA:11,2
DA:12,20
DA:13,9
DA:14,3
DA:15,3
DA:16,1
DA:17,1
DA:18,1
DA:19,1
DA:20,1
DA:21,1
DA:22,1
DA:23,1
DA:24,1
DA:25,1
DA:26,4
DA:27,4
DA:28,4
DA:29,1
DA:30,1
DA:31,1
DA:32,1
DA:33,1
DA:34,1
DA:35,1
DA:36,1
DA:37,1
DA:38,1
DA:39,1
DA:40,1
DA:41,1
DA:42,1
DA:43,1
LF:43
LH:43
BRDA:5,0,0,5
BRDA:6,1,0,11
BRDA:7,2,0,20
BRDA:8,3,0,2
BRDA:13,4,0,9
BRDA:14,5,0,3
BRDA:20,6,0,1
BRDA:25,7,0,4
BRF:8
BRH:8
end_of_record
