TN:
SF:src/array.ts
FN:5,range
FNF:1
FNH:1
FNDA:10,range
DA:1,1
DA:2,1
DA:3,1
DA:4,1
DA:5,10
DA:6,10
DA:7,10
DA:8,10
DA:9,10
DA:10,10
DA:11,10
DA:12,10
DA:13,4
DA:14,4
DA:15,10
DA:16,10
DA:17,10
DA:18,26
DA:19,26
DA:20,10
DA:21,10
DA:22,10
LF:22
LH:22
BRDA:5,0,0,10
BRDA:7,1,0,9
BRDA:7,2,0,1
BRDA:7,3,0,8
BRDA:7,4,0,1
BRDA:8,5,0,7
BRDA:8,6,0,1
BRDA:8,7,0,6
BRDA:8,8,0,3
BRDA:9,9,0,5
BRDA:9,10,0,1
BRDA:9,11,0,4
BRDA:9,12,0,5
BRDA:12,13,0,4
BRDA:12,14,0,9
BRDA:12,15,0,4
BRDA:12,16,0,4
BRDA:17,17,0,17
BRDA:17,18,0,19
BRDA:17,19,0,26
BRF:20
BRH:20
end_of_record
TN:
SF:src/function.ts
FN:2,debounce
FNF:1
FNH:1
FNDA:3,debounce
DA:1,1
DA:2,3
DA:3,3
DA:4,3
DA:5,3
DA:6,3
DA:7,3
DA:8,6
DA:9,3
DA:10,3
DA:11,6
DA:12,3
DA:13,6
DA:14,3
DA:15,3
LF:15
LH:15
BRDA:2,0,0,3
BRDA:7,1,0,6
BRDA:8,2,0,3
BRDA:11,3,0,3
BRF:4
BRH:4
end_of_record
TN:
SF:src/string.ts
FN:1,truncate
FNF:1
FNH:1
FNDA:16,truncate
DA:1,16
DA:2,16
DA:3,16
DA:4,16
DA:5,16
DA:6,16
DA:7,16
DA:8,3
DA:9,3
DA:10,13
DA:11,16
DA:12,9
DA:13,9
DA:14,9
DA:15,13
DA:16,13
DA:17,13
LF:17
LH:17
BRDA:1,0,0,16
BRDA:5,1,0,14
BRDA:5,2,0,2
BRDA:7,3,0,3
BRDA:10,4,0,13
BRDA:11,5,0,9
BRDA:15,6,0,13
BRF:7
BRH:7
end_of_record
