<?xml version="1.0" encoding="UTF-8"?>
<coverage generated="1682648299471" clover="3.2.0">
  <project timestamp="1682648299471" name="All files">
    <metrics statements="47" coveredstatements="47" conditionals="12" coveredconditionals="12" methods="4" coveredmethods="4" elements="63" coveredelements="63" complexity="0" loc="47" ncloc="47" packages="1" files="1" classes="1"/>
    <file name="tools.ts" path="/Users/jie/Desktop/demo/ts/tools.ts">
      <metrics statements="47" coveredstatements="47" conditionals="12" coveredconditionals="12" methods="4" coveredmethods="4"/>
      <line num="1" count="1" type="stmt"/>
      <line num="2" count="1" type="stmt"/>
      <line num="3" count="1" type="stmt"/>
      <line num="4" count="1" type="stmt"/>
      <line num="5" count="1" type="stmt"/>
      <line num="6" count="1" type="stmt"/>
      <line num="7" count="1" type="stmt"/>
      <line num="8" count="3" type="cond" truecount="1" falsecount="0"/>
      <line num="9" count="3" type="cond" truecount="1" falsecount="0"/>
      <line num="10" count="1" type="stmt"/>
      <line num="11" count="1" type="stmt"/>
      <line num="12" count="2" type="cond" truecount="2" falsecount="0"/>
      <line num="13" count="2" type="stmt"/>
      <line num="14" count="2" type="stmt"/>
      <line num="15" count="2" type="stmt"/>
      <line num="16" count="2" type="stmt"/>
      <line num="17" count="1" type="stmt"/>
      <line num="18" count="1" type="stmt"/>
      <line num="19" count="1" type="stmt"/>
      <line num="20" count="1" type="stmt"/>
      <line num="21" count="3" type="cond" truecount="1" falsecount="0"/>
      <line num="22" count="3" type="cond" truecount="1" falsecount="0"/>
      <line num="23" count="2" type="stmt"/>
      <line num="24" count="2" type="stmt"/>
      <line num="25" count="3" type="stmt"/>
      <line num="26" count="1" type="stmt"/>
      <line num="27" count="1" type="stmt"/>
      <line num="28" count="1" type="stmt"/>
      <line num="29" count="1" type="stmt"/>
      <line num="30" count="3" type="cond" truecount="1" falsecount="0"/>
      <line num="31" count="3" type="cond" truecount="1" falsecount="0"/>
      <line num="32" count="1" type="stmt"/>
      <line num="33" count="1" type="stmt"/>
      <line num="34" count="2" type="cond" truecount="2" falsecount="0"/>
      <line num="35" count="1" type="stmt"/>
      <line num="36" count="2" type="stmt"/>
      <line num="37" count="2" type="stmt"/>
      <line num="38" count="2" type="stmt"/>
      <line num="39" count="1" type="stmt"/>
      <line num="40" count="1" type="stmt"/>
      <line num="41" count="1" type="stmt"/>
      <line num="42" count="1" type="stmt"/>
      <line num="43" count="2" type="cond" truecount="1" falsecount="0"/>
      <line num="44" count="2" type="cond" truecount="1" falsecount="0"/>
      <line num="45" count="1" type="stmt"/>
      <line num="46" count="1" type="stmt"/>
      <line num="47" count="2" type="stmt"/>
    </file>
  </project>
</coverage>
