{"/Users/jie/Desktop/demo/ts/tools.ts": {"path":"/Users/jie/Desktop/demo/ts/tools.ts","all":false,"statementMap":{"0":{"start":{"line":1,"column":0},"end":{"line":1,"column":3}},"1":{"start":{"line":2,"column":0},"end":{"line":2,"column":8}},"2":{"start":{"line":3,"column":0},"end":{"line":3,"column":3}},"3":{"start":{"line":4,"column":0},"end":{"line":4,"column":0}},"4":{"start":{"line":5,"column":0},"end":{"line":5,"column":3}},"5":{"start":{"line":6,"column":0},"end":{"line":6,"column":8}},"6":{"start":{"line":7,"column":0},"end":{"line":7,"column":3}},"7":{"start":{"line":8,"column":0},"end":{"line":8,"column":68}},"8":{"start":{"line":9,"column":0},"end":{"line":9,"column":21}},"9":{"start":{"line":10,"column":0},"end":{"line":10,"column":11}},"10":{"start":{"line":11,"column":0},"end":{"line":11,"column":3}},"11":{"start":{"line":12,"column":0},"end":{"line":12,"column":37}},"12":{"start":{"line":13,"column":0},"end":{"line":13,"column":15}},"13":{"start":{"line":14,"column":0},"end":{"line":14,"column":15}},"14":{"start":{"line":15,"column":0},"end":{"line":15,"column":17}},"15":{"start":{"line":16,"column":0},"end":{"line":16,"column":1}},"16":{"start":{"line":17,"column":0},"end":{"line":17,"column":0}},"17":{"start":{"line":18,"column":0},"end":{"line":18,"column":3}},"18":{"start":{"line":19,"column":0},"end":{"line":19,"column":8}},"19":{"start":{"line":20,"column":0},"end":{"line":20,"column":3}},"20":{"start":{"line":21,"column":0},"end":{"line":21,"column":62}},"21":{"start":{"line":22,"column":0},"end":{"line":22,"column":16}},"22":{"start":{"line":23,"column":0},"end":{"line":23,"column":27}},"23":{"start":{"line":24,"column":0},"end":{"line":24,"column":3}},"24":{"start":{"line":25,"column":0},"end":{"line":25,"column":1}},"25":{"start":{"line":26,"column":0},"end":{"line":26,"column":0}},"26":{"start":{"line":27,"column":0},"end":{"line":27,"column":3}},"27":{"start":{"line":28,"column":0},"end":{"line":28,"column":8}},"28":{"start":{"line":29,"column":0},"end":{"line":29,"column":3}},"29":{"start":{"line":30,"column":0},"end":{"line":30,"column":69}},"30":{"start":{"line":31,"column":0},"end":{"line":31,"column":20}},"31":{"start":{"line":32,"column":0},"end":{"line":32,"column":11}},"32":{"start":{"line":33,"column":0},"end":{"line":33,"column":3}},"33":{"start":{"line":34,"column":0},"end":{"line":34,"column":38}},"34":{"start":{"line":35,"column":0},"end":{"line":35,"column":15}},"35":{"start":{"line":36,"column":0},"end":{"line":36,"column":14}},"36":{"start":{"line":37,"column":0},"end":{"line":37,"column":19}},"37":{"start":{"line":38,"column":0},"end":{"line":38,"column":1}},"38":{"start":{"line":39,"column":0},"end":{"line":39,"column":0}},"39":{"start":{"line":40,"column":0},"end":{"line":40,"column":3}},"40":{"start":{"line":41,"column":0},"end":{"line":41,"column":8}},"41":{"start":{"line":42,"column":0},"end":{"line":42,"column":3}},"42":{"start":{"line":43,"column":0},"end":{"line":43,"column":66}},"43":{"start":{"line":44,"column":0},"end":{"line":44,"column":18}},"44":{"start":{"line":45,"column":0},"end":{"line":45,"column":28}},"45":{"start":{"line":46,"column":0},"end":{"line":46,"column":3}},"46":{"start":{"line":47,"column":0},"end":{"line":47,"column":1}}},"s":{"0":1,"1":1,"2":1,"3":1,"4":1,"5":1,"6":1,"7":3,"8":3,"9":1,"10":1,"11":2,"12":2,"13":2,"14":2,"15":2,"16":1,"17":1,"18":1,"19":1,"20":3,"21":3,"22":2,"23":2,"24":3,"25":1,"26":1,"27":1,"28":1,"29":3,"30":3,"31":1,"32":1,"33":2,"34":1,"35":2,"36":2,"37":2,"38":1,"39":1,"40":1,"41":1,"42":2,"43":2,"44":1,"45":1,"46":2},"branchMap":{"0":{"type":"branch","line":8,"loc":{"start":{"line":8,"column":0},"end":{"line":16,"column":1}},"locations":[{"start":{"line":8,"column":0},"end":{"line":16,"column":1}}]},"1":{"type":"branch","line":9,"loc":{"start":{"line":9,"column":20},"end":{"line":11,"column":3}},"locations":[{"start":{"line":9,"column":20},"end":{"line":11,"column":3}}]},"2":{"type":"branch","line":12,"loc":{"start":{"line":12,"column":-1},"end":{"line":16,"column":1}},"locations":[{"start":{"line":12,"column":-1},"end":{"line":16,"column":1}}]},"3":{"type":"branch","line":12,"loc":{"start":{"line":12,"column":30},"end":{"line":14,"column":3}},"locations":[{"start":{"line":12,"column":30},"end":{"line":14,"column":3}}]},"4":{"type":"branch","line":21,"loc":{"start":{"line":21,"column":0},"end":{"line":25,"column":1}},"locations":[{"start":{"line":21,"column":0},"end":{"line":25,"column":1}}]},"5":{"type":"branch","line":22,"loc":{"start":{"line":22,"column":15},"end":{"line":24,"column":3}},"locations":[{"start":{"line":22,"column":15},"end":{"line":24,"column":3}}]},"6":{"type":"branch","line":30,"loc":{"start":{"line":30,"column":0},"end":{"line":38,"column":1}},"locations":[{"start":{"line":30,"column":0},"end":{"line":38,"column":1}}]},"7":{"type":"branch","line":31,"loc":{"start":{"line":31,"column":19},"end":{"line":33,"column":3}},"locations":[{"start":{"line":31,"column":19},"end":{"line":33,"column":3}}]},"8":{"type":"branch","line":34,"loc":{"start":{"line":34,"column":-1},"end":{"line":38,"column":1}},"locations":[{"start":{"line":34,"column":-1},"end":{"line":38,"column":1}}]},"9":{"type":"branch","line":34,"loc":{"start":{"line":34,"column":31},"end":{"line":36,"column":3}},"locations":[{"start":{"line":34,"column":31},"end":{"line":36,"column":3}}]},"10":{"type":"branch","line":43,"loc":{"start":{"line":43,"column":0},"end":{"line":47,"column":1}},"locations":[{"start":{"line":43,"column":0},"end":{"line":47,"column":1}}]},"11":{"type":"branch","line":44,"loc":{"start":{"line":44,"column":17},"end":{"line":46,"column":3}},"locations":[{"start":{"line":44,"column":17},"end":{"line":46,"column":3}}]}},"b":{"0":[3],"1":[1],"2":[2],"3":[2],"4":[3],"5":[2],"6":[3],"7":[1],"8":[2],"9":[1],"10":[2],"11":[1]},"fnMap":{"0":{"name":"startTimer","decl":{"start":{"line":8,"column":0},"end":{"line":16,"column":1}},"loc":{"start":{"line":8,"column":0},"end":{"line":16,"column":1}},"line":8},"1":{"name":"stopTimer","decl":{"start":{"line":21,"column":0},"end":{"line":25,"column":1}},"loc":{"start":{"line":21,"column":0},"end":{"line":25,"column":1}},"line":21},"2":{"name":"startTimeout","decl":{"start":{"line":30,"column":0},"end":{"line":38,"column":1}},"loc":{"start":{"line":30,"column":0},"end":{"line":38,"column":1}},"line":30},"3":{"name":"stopTimeout","decl":{"start":{"line":43,"column":0},"end":{"line":47,"column":1}},"loc":{"start":{"line":43,"column":0},"end":{"line":47,"column":1}},"line":43}},"f":{"0":3,"1":3,"2":3,"3":2}}
}
