TN:
SF:ts/tools.ts
FN:8,startTimer
FN:21,stopTimer
FN:30,startTimeout
FN:43,stopTimeout
FNF:4
FNH:4
FNDA:3,startTimer
FNDA:3,stopTimer
FNDA:3,startTimeout
FNDA:2,stopTimeout
DA:1,1
DA:2,1
DA:3,1
DA:4,1
DA:5,1
DA:6,1
DA:7,1
DA:8,3
DA:9,3
DA:10,1
DA:11,1
DA:12,2
DA:13,2
DA:14,2
DA:15,2
DA:16,2
DA:17,1
DA:18,1
DA:19,1
DA:20,1
DA:21,3
DA:22,3
DA:23,2
DA:24,2
DA:25,3
DA:26,1
DA:27,1
DA:28,1
DA:29,1
DA:30,3
DA:31,3
DA:32,1
DA:33,1
DA:34,2
DA:35,1
DA:36,2
DA:37,2
DA:38,2
DA:39,1
DA:40,1
DA:41,1
DA:42,1
DA:43,2
DA:44,2
DA:45,1
DA:46,1
DA:47,2
LF:47
LH:47
BRDA:8,0,0,3
BRDA:9,1,0,1
BRDA:12,2,0,2
BRDA:12,3,0,2
BRDA:21,4,0,3
BRDA:22,5,0,2
BRDA:30,6,0,3
BRDA:31,7,0,1
BRDA:34,8,0,2
BRDA:34,9,0,1
BRDA:43,10,0,2
BRDA:44,11,0,1
BRF:12
BRH:12
end_of_record
